<?xml version="1.0" encoding="utf-8"?><testsuites><testsuite name="pytest" errors="0" failures="0" skipped="0" tests="35" time="31.351" timestamp="2025-03-07T11:44:05.088992" hostname="AVD-PP-YONG-0"><testcase classname="test.TestCase.test_dataclean.TestDataClean" name="test_compute_loanage" time="7.337" /><testcase classname="test.TestCase.test_dataclean.TestDataClean" name="test_compute_firstpaymtdt" time="0.207" /><testcase classname="test.TestCase.test_dataclean.TestDataClean" name="test_compute_origdate" time="0.169" /><testcase classname="test.TestCase.test_dataclean.TestDataClean" name="test_compute_origterm" time="0.191" /><testcase classname="test.TestCase.test_dataclean.TestDataClean" name="test_compute_origamortterm" time="0.277" /><testcase classname="test.TestCase.test_dataclean.TestDataClean" name="test_compute_firstrateresetperiod" time="0.179" /><testcase classname="test.TestCase.test_dataclean.TestDataClean" name="test_compute_subsequentrateresetperiod" time="0.172" /><testcase classname="test.TestCase.test_dataclean.TestDataClean" name="test_compute_term" time="0.197" /><testcase classname="test.TestCase.test_dataclean.TestDataClean" name="test_compute_amortterm" time="0.222" /><testcase classname="test.TestCase.test_dataclean.TestDataClean" name="test_compute_remterm" time="0.228" /><testcase classname="test.TestCase.test_dataclean.TestDataClean" name="test_compute_remamortterm" time="0.183" /><testcase classname="test.TestCase.test_dataclean.TestDataClean" name="test_compute_prepaypenaltyterm" time="0.204" /><testcase classname="test.TestCase.test_dataclean.TestDataClean" name="test_compute_balance" time="0.210" /><testcase classname="test.TestCase.test_dataclean.TestDataClean" name="test_compute_escrowadvance" time="0.187" /><testcase classname="test.TestCase.test_dataclean.TestDataClean" name="test_compute_escrowflag" time="0.221" /><testcase classname="test.TestCase.test_dataclean.TestDataClean" name="test_compute_dealtype" time="0.199" /><testcase classname="test.TestCase.test_dataclean.TestDataClean" name="test_compute_poolremittype" time="0.197" /><testcase classname="test.TestCase.test_dataclean.TestDataClean" name="test_compute_remittype" time="0.190" /><testcase classname="test.TestCase.test_dataclean.TestDataClean" name="test_compute_gnguaranteerate" time="0.189" /><testcase classname="test.TestCase.test_dataclean.TestDataClean" name="test_compute_nsf" time="0.222" /><testcase classname="test.TestCase.test_dataclean.TestDataClean" name="test_compute_lien" time="0.191" /><testcase classname="test.TestCase.test_dataclean.TestDataClean" name="test_compute_origpropvaluationdate" time="0.187" /><testcase classname="test.TestCase.test_dataclean.TestDataClean" name="test_compute_origltv" time="0.225" /><testcase classname="test.TestCase.test_dataclean.TestDataClean" name="test_compute_pmiflag" time="0.289" /><testcase classname="test.TestCase.test_dataclean.TestDataClean" name="test_compute_pmilevel" time="0.194" /><testcase classname="test.TestCase.test_dataclean.TestDataClean" name="test_compute_process_monthindelinq" time="0.358" /><testcase classname="test.TestCase.test_dataclean.TestDataClean" name="test_compute_origfico" time="0.201" /><testcase classname="test.TestCase.test_dataclean.TestDataClean" name="test_compute_origficoprimary" time="0.209" /><testcase classname="test.TestCase.test_dataclean.TestDataClean" name="test_compute_origficocob" time="0.220" /><testcase classname="test.TestCase.test_dataclean.TestDataClean" name="test_compute_updfico" time="0.544" /><testcase classname="test.TestCase.test_dataclean.TestDataClean" name="test_compute_updficoprimary" time="0.258" /><testcase classname="test.TestCase.test_dataclean.TestDataClean" name="test_compute_updficocob" time="0.217" /><testcase classname="test.TestCase.test_dataclean.TestDataClean" name="test_compute_updficodate" time="0.210" /><testcase classname="test.TestCase.test_dataclean.TestDataClean" name="test_compute_numofborrowers" time="0.264" /><testcase classname="test.TestCase.test_dataclean.TestDataClean" name="test_count_month_after_delinq" time="0.190" /></testsuite></testsuites>